<?xml version="1.0" encoding="UTF-8"?>
<!-- Generated by org.testng.reporters.JUnitReportReporter -->
<testsuite skipped="0" hostname="DESKTOP-RQ0I3KE" name="Actitime.Actitime.LoginPageTest" tests="2" failures="0" timestamp="08 Apr 2019 17:11:57 GMT" time="26.335" errors="0">
  <testcase name="accessTestSite" time="14.317" classname="Actitime.Actitime.LoginPageTest"/>
  <testcase name="verifyPageTitle" time="12.018" classname="Actitime.Actitime.LoginPageTest"/>
</testsuite> <!-- Actitime.Actitime.LoginPageTest -->
