<?xml version="1.0" encoding="UTF-8"?>
<!-- Generated by org.testng.reporters.JUnitReportReporter -->
<testsuite skipped="1" hostname="DESKTOP-RQ0I3KE" name="Tests.LoginPageTest" tests="2" failures="0" timestamp="09 Apr 2019 15:52:53 GMT" time="11.466" errors="0">
  <testcase name="accessTestSite" time="11.466" classname="Tests.LoginPageTest"/>
  <testcase name="verifyPageTitle" classname="Tests.LoginPageTest">
    <skipped/>
  </testcase> <!-- verifyPageTitle -->
</testsuite> <!-- Tests.LoginPageTest -->
